#
# There is insufficient memory for the Java Runtime Environment to continue.
# Native memory allocation (malloc) failed to allocate 982096 bytes for Chunk::new
# Possible reasons:
#   The system is out of physical RAM or swap space
#   In 32 bit mode, the process size limit was hit
# Possible solutions:
#   Reduce memory load on the system
#   Increase physical memory or swap space
#   Check if swap backing store is full
#   Use 64 bit Java on a 64 bit OS
#   Decrease Java heap size (-Xmx/-Xms)
#   Decrease number of Java threads
#   Decrease Java thread stack sizes (-Xss)
#   Set larger code cache with -XX:ReservedCodeCacheSize=
# This output file may be truncated or incomplete.
#
#  Out of Memory Error (allocation.cpp:390), pid=10652, tid=11624
#
# JRE version: Java(TM) SE Runtime Environment (8.0_73-b02) (build 1.8.0_73-b02)
# Java VM: Java HotSpot(TM) 64-Bit Server VM (25.73-b02 mixed mode windows-amd64 compressed oops)
# Failed to write core dump. Minidumps are not enabled by default on client versions of Windows
#

---------------  T H R E A D  ---------------

Current thread (0x0000000015d3d800):  JavaThread "C2 CompilerThread0" daemon [_thread_in_native, id=11624, stack(0x0000000017370000,0x0000000017470000)]

Stack: [0x0000000017370000,0x0000000017470000]
[error occurred during error reporting (printing stack bounds), id 0xc0000005]

Native frames: (J=compiled Java code, j=interpreted, Vv=VM code, C=native code)


Current CompileTask:
C2:   3796  451       4       java.io.WinNTFileSystem::normalize (143 bytes)


---------------  P R O C E S S  ---------------

Java Threads: ( => current thread )
  0x0000000015d7e000 JavaThread "Service Thread" daemon [_thread_blocked, id=6560, stack(0x0000000017a70000,0x0000000017b70000)]
  0x0000000015d47800 JavaThread "C1 CompilerThread2" daemon [_thread_blocked, id=9552, stack(0x0000000017570000,0x0000000017670000)]
  0x0000000015d43800 JavaThread "C2 CompilerThread1" daemon [_thread_blocked, id=6540, stack(0x0000000017470000,0x0000000017570000)]
=>0x0000000015d3d800 JavaThread "C2 CompilerThread0" daemon [_thread_in_native, id=11624, stack(0x0000000017370000,0x0000000017470000)]
  0x0000000015d3b000 JavaThread "Attach Listener" daemon [_thread_blocked, id=11996, stack(0x0000000017270000,0x0000000017370000)]
  0x0000000015d3a000 JavaThread "Signal Dispatcher" daemon [_thread_blocked, id=216, stack(0x0000000017170000,0x0000000017270000)]
  0x00000000024c6800 JavaThread "Finalizer" daemon [_thread_blocked, id=11224, stack(0x0000000016f90000,0x0000000017090000)]
  0x00000000024bd800 JavaThread "Reference Handler" daemon [_thread_blocked, id=4144, stack(0x0000000016e90000,0x0000000016f90000)]
  0x00000000023ce000 JavaThread "main" [_thread_in_native, id=3500, stack(0x0000000002240000,0x0000000002340000)]

Other Threads:
  0x0000000015d08000 VMThread [stack: 0x0000000016d90000,0x0000000016e90000] [id=5516]
  0x0000000015d81000 WatcherThread [stack: 0x0000000017b70000,0x0000000017c70000] [id=14484]

VM state:not at safepoint (normal execution)

VM Mutex/Monitor currently owned by a thread: None

Heap:
 PSYoungGen      total 28672K, used 17299K [0x00000000e0a00000, 0x00000000e2a00000, 0x0000000100000000)
  eden space 24576K, 70% used [0x00000000e0a00000,0x00000000e1ae4d28,0x00000000e2200000)
  from space 4096K, 0% used [0x00000000e2600000,0x00000000e2600000,0x00000000e2a00000)
  to   space 4096K, 0% used [0x00000000e2200000,0x00000000e2200000,0x00000000e2600000)
 ParOldGen       total 65536K, used 0K [0x00000000a1e00000, 0x00000000a5e00000, 0x00000000e0a00000)
  object space 65536K, 0% used [0x00000000a1e00000,0x00000000a1e00000,0x00000000a5e00000)
 Metaspace       used 6354K, capacity 6440K, committed 6656K, reserved 1056768K
  class space    used 713K, capacity 760K, committed 768K, reserved 1048576K

Card table byte_map: [0x0000000011890000,0x0000000011b90000] byte_map_base: 0x0000000011381000

Marking Bits: (ParMarkBitMap*) 0x000000005a0f0600
 Begin Bits: [0x0000000012190000, 0x0000000013918000)
 End Bits:   [0x0000000013918000, 0x00000000150a0000)

Polling page: 0x00000000007e0000

CodeCache: size=245760Kb used=2468Kb max_used=2468Kb free=243291Kb
 bounds [0x00000000024d0000, 0x0000000002740000, 0x00000000114d0000]
 total_blobs=843 nmethods=547 adapters=209
 compilation: enabled

Compilation events (10 events):
Event: 3.622 Thread 0x0000000015d47800  518       3       java.util.zip.ZipEntry::getSize (5 bytes)
Event: 3.622 Thread 0x0000000015d47800 nmethod 518 0x000000000272b810 code [0x000000000272b960, 0x000000000272bab0]
Event: 3.622 Thread 0x0000000015d47800  519   !   3       java.util.zip.ZipFile::releaseInflater (41 bytes)
Event: 3.623 Thread 0x0000000015d47800 nmethod 519 0x000000000272bb10 code [0x000000000272bcc0, 0x000000000272c3d8]
Event: 3.623 Thread 0x0000000015d47800  520       3       java.util.ArrayDeque::add (7 bytes)
Event: 3.623 Thread 0x0000000015d47800 nmethod 520 0x000000000272c6d0 code [0x000000000272c840, 0x000000000272c9e8]
Event: 3.623 Thread 0x0000000015d47800  521       3       java.util.ArrayDeque::addLast (53 bytes)
Event: 3.623 Thread 0x0000000015d47800 nmethod 521 0x000000000272ca90 code [0x000000000272cc20, 0x000000000272d038]
Event: 3.646 Thread 0x0000000015d47800  522       3       java.util.Properties::getProperty (46 bytes)
Event: 3.646 Thread 0x0000000015d47800 nmethod 522 0x000000000272d1d0 code [0x000000000272d360, 0x000000000272d878]

GC Heap History (0 events):
No events

Deoptimization events (1 events):
Event: 3.019 Thread 0x00000000023ce000 Uncommon trap: reason=unstable_if action=reinterpret pc=0x0000000002681160 method=java.lang.String.indexOf([CII[CIII)I @ 3

Internal exceptions (10 events):
Event: 0.315 Thread 0x00000000023ce000 Exception <a 'java/security/PrivilegedActionException'> (0x00000000e0deb488) thrown at [D:\re\puppet\workspace\8-2-build-windows-amd64-cygwin\jdk8u73\6086\hotspot\src\share\vm\prims\jvm.cpp, line 1386]
Event: 0.315 Thread 0x00000000023ce000 Exception <a 'java/security/PrivilegedActionException'> (0x00000000e0deb698) thrown at [D:\re\puppet\workspace\8-2-build-windows-amd64-cygwin\jdk8u73\6086\hotspot\src\share\vm\prims\jvm.cpp, line 1386]
Event: 0.315 Thread 0x00000000023ce000 Exception <a 'java/security/PrivilegedActionException'> (0x00000000e0decd50) thrown at [D:\re\puppet\workspace\8-2-build-windows-amd64-cygwin\jdk8u73\6086\hotspot\src\share\vm\prims\jvm.cpp, line 1386]
Event: 0.315 Thread 0x00000000023ce000 Exception <a 'java/security/PrivilegedActionException'> (0x00000000e0decf60) thrown at [D:\re\puppet\workspace\8-2-build-windows-amd64-cygwin\jdk8u73\6086\hotspot\src\share\vm\prims\jvm.cpp, line 1386]
Event: 0.316 Thread 0x00000000023ce000 Exception <a 'java/security/PrivilegedActionException'> (0x00000000e0dee670) thrown at [D:\re\puppet\workspace\8-2-build-windows-amd64-cygwin\jdk8u73\6086\hotspot\src\share\vm\prims\jvm.cpp, line 1386]
Event: 0.316 Thread 0x00000000023ce000 Exception <a 'java/security/PrivilegedActionException'> (0x00000000e0dee880) thrown at [D:\re\puppet\workspace\8-2-build-windows-amd64-cygwin\jdk8u73\6086\hotspot\src\share\vm\prims\jvm.cpp, line 1386]
Event: 0.926 Thread 0x00000000023ce000 Exception <a 'java/security/PrivilegedActionException'> (0x00000000e100a640) thrown at [D:\re\puppet\workspace\8-2-build-windows-amd64-cygwin\jdk8u73\6086\hotspot\src\share\vm\prims\jvm.cpp, line 1386]
Event: 0.926 Thread 0x00000000023ce000 Exception <a 'java/security/PrivilegedActionException'> (0x00000000e100a850) thrown at [D:\re\puppet\workspace\8-2-build-windows-amd64-cygwin\jdk8u73\6086\hotspot\src\share\vm\prims\jvm.cpp, line 1386]
Event: 0.927 Thread 0x00000000023ce000 Exception <a 'java/security/PrivilegedActionException'> (0x00000000e100e880) thrown at [D:\re\puppet\workspace\8-2-build-windows-amd64-cygwin\jdk8u73\6086\hotspot\src\share\vm\prims\jvm.cpp, line 1386]
Event: 0.927 Thread 0x00000000023ce000 Exception <a 'java/security/PrivilegedActionException'> (0x00000000e100ea90) thrown at [D:\re\puppet\workspace\8-2-build-windows-amd64-cygwin\jdk8u73\6086\hotspot\src\share\vm\prims\jvm.cpp, line 1386]

Events (10 events):
Event: 3.651 loading class sun/util/resources/CalendarData
Event: 3.651 loading class sun/util/resources/LocaleNamesBundle
Event: 3.651 loading class sun/util/resources/LocaleNamesBundle done
Event: 3.651 loading class sun/util/resources/CalendarData done
Event: 3.651 loading class sun/util/resources/en/CalendarData_en
Event: 3.651 loading class sun/util/resources/en/CalendarData_en done
Event: 3.652 loading class org/testng/reporters/XMLUtils
Event: 3.652 loading class org/testng/reporters/XMLUtils done
Event: 3.654 loading class java/text/StringCharacterIterator
Event: 3.654 loading class java/text/CharacterIterator


Dynamic libraries:
0x00007ff67f840000 - 0x00007ff67f877000 	C:\Program Files\Java\jdk1.8.0_73\jre\bin\java.exe
0x00007ff8f8540000 - 0x00007ff8f86ed000 	C:\Windows\SYSTEM32\ntdll.dll
0x00007ff8f8200000 - 0x00007ff8f833e000 	C:\Windows\system32\KERNEL32.DLL
0x00007ff8f5a40000 - 0x00007ff8f5b55000 	C:\Windows\system32\KERNELBASE.dll
0x00007ff8f4230000 - 0x00007ff8f42be000 	C:\Windows\system32\apphelp.dll
0x00007ff8cb270000 - 0x00007ff8cb2c3000 	C:\Windows\AppPatch\AppPatch64\AcGenral.DLL
0x00007ff8f7e20000 - 0x00007ff8f7eca000 	C:\Windows\system32\msvcrt.dll
0x00007ff8f5460000 - 0x00007ff8f548e000 	C:\Windows\SYSTEM32\SspiCli.dll
0x00007ff8f5fd0000 - 0x00007ff8f6024000 	C:\Windows\system32\SHLWAPI.dll
0x00007ff8f6280000 - 0x00007ff8f63f7000 	C:\Windows\system32\USER32.dll
0x00007ff8f83a0000 - 0x00007ff8f8534000 	C:\Windows\system32\ole32.dll
0x00007ff8f6400000 - 0x00007ff8f792a000 	C:\Windows\system32\SHELL32.dll
0x00007ff8f4c30000 - 0x00007ff8f4c51000 	C:\Windows\SYSTEM32\USERENV.dll
0x00007ff8f7b40000 - 0x00007ff8f7bea000 	C:\Windows\system32\ADVAPI32.dll
0x00007ff8ec990000 - 0x00007ff8ec9ae000 	C:\Windows\SYSTEM32\MPR.dll
0x00007ff8f5e20000 - 0x00007ff8f5f61000 	C:\Windows\system32\RPCRT4.dll
0x00007ff8f7930000 - 0x00007ff8f7989000 	C:\Windows\SYSTEM32\sechost.dll
0x00007ff8f7c00000 - 0x00007ff8f7e11000 	C:\Windows\SYSTEM32\combase.dll
0x00007ff8f6130000 - 0x00007ff8f6280000 	C:\Windows\system32\GDI32.dll
0x00007ff8f5690000 - 0x00007ff8f56a5000 	C:\Windows\SYSTEM32\profapi.dll
0x00007ff8f3a40000 - 0x00007ff8f3af2000 	C:\Windows\SYSTEM32\SHCORE.dll
0x00007ff8f7f90000 - 0x00007ff8f7fc6000 	C:\Windows\system32\IMM32.DLL
0x00007ff8f80a0000 - 0x00007ff8f81f2000 	C:\Windows\system32\MSCTF.dll
0x00007ff8f35c0000 - 0x00007ff8f383b000 	C:\Windows\WinSxS\amd64_microsoft.windows.common-controls_6595b64144ccf1df_6.0.9600.18006_none_623f33d3ecbe86e8\COMCTL32.dll
0x000000005a170000 - 0x000000005a242000 	C:\Program Files\Java\jdk1.8.0_73\jre\bin\msvcr100.dll
0x00000000598e0000 - 0x000000005a170000 	C:\Program Files\Java\jdk1.8.0_73\jre\bin\server\jvm.dll
0x00007ff8ed750000 - 0x00007ff8ed759000 	C:\Windows\SYSTEM32\WSOCK32.dll
0x00007ff8ed7f0000 - 0x00007ff8ed812000 	C:\Windows\SYSTEM32\WINMM.dll
0x00007ff8ede30000 - 0x00007ff8ede3a000 	C:\Windows\SYSTEM32\VERSION.dll
0x00007ff8f6060000 - 0x00007ff8f6067000 	C:\Windows\system32\PSAPI.DLL
0x00007ff8f8340000 - 0x00007ff8f839a000 	C:\Windows\system32\WS2_32.dll
0x00007ff8ed7c0000 - 0x00007ff8ed7ea000 	C:\Windows\SYSTEM32\WINMMBASE.dll
0x00007ff8f7bf0000 - 0x00007ff8f7bf9000 	C:\Windows\system32\NSI.dll
0x00007ff8f5760000 - 0x00007ff8f57af000 	C:\Windows\SYSTEM32\cfgmgr32.dll
0x00007ff8f4490000 - 0x00007ff8f44b8000 	C:\Windows\SYSTEM32\DEVOBJ.dll
0x00000000598d0000 - 0x00000000598df000 	C:\Program Files\Java\jdk1.8.0_73\jre\bin\verify.dll
0x00000000598a0000 - 0x00000000598c9000 	C:\Program Files\Java\jdk1.8.0_73\jre\bin\java.dll
0x0000000059880000 - 0x0000000059896000 	C:\Program Files\Java\jdk1.8.0_73\jre\bin\zip.dll
0x00007ff8f4f00000 - 0x00007ff8f4f20000 	C:\Windows\SYSTEM32\CRYPTSP.dll
0x00007ff8f4b20000 - 0x00007ff8f4b56000 	C:\Windows\system32\rsaenh.dll
0x00007ff8f5150000 - 0x00007ff8f5176000 	C:\Windows\SYSTEM32\bcrypt.dll
0x00007ff8f5490000 - 0x00007ff8f54f3000 	C:\Windows\system32\bcryptprimitives.dll
0x00007ff8f5500000 - 0x00007ff8f550b000 	C:\Windows\SYSTEM32\CRYPTBASE.dll
0x0000000059860000 - 0x000000005987a000 	C:\Program Files\Java\jdk1.8.0_73\jre\bin\net.dll
0x00007ff8f4ea0000 - 0x00007ff8f4ef9000 	C:\Windows\system32\mswsock.dll
0x00007ff8f0310000 - 0x00007ff8f033a000 	C:\Windows\SYSTEM32\IPHLPAPI.DLL
0x00007ff8f02f0000 - 0x00007ff8f02fa000 	C:\Windows\SYSTEM32\WINNSI.DLL
0x00007ff8f00c0000 - 0x00007ff8f00d6000 	C:\Windows\SYSTEM32\dhcpcsvc6.DLL
0x00007ff8f01a0000 - 0x00007ff8f01ba000 	C:\Windows\SYSTEM32\dhcpcsvc.DLL
0x0000000059840000 - 0x0000000059851000 	C:\Program Files\Java\jdk1.8.0_73\jre\bin\nio.dll
0x00007ff8ecf50000 - 0x00007ff8ecf65000 	C:\Windows\system32\napinsp.dll
0x00007ff8ecf30000 - 0x00007ff8ecf4a000 	C:\Windows\system32\pnrpnsp.dll
0x00007ff8f1050000 - 0x00007ff8f106b000 	C:\Windows\system32\NLAapi.dll
0x00007ff8f4ca0000 - 0x00007ff8f4d44000 	C:\Windows\SYSTEM32\DNSAPI.dll
0x00007ff8ecf20000 - 0x00007ff8ecf2d000 	C:\Windows\System32\winrnr.dll
0x00007ff8ecf00000 - 0x00007ff8ecf14000 	C:\Windows\system32\wshbth.dll
0x00007ff8ecef0000 - 0x00007ff8ecefa000 	C:\Windows\System32\rasadhlp.dll
0x00007ff8f0050000 - 0x00007ff8f00bb000 	C:\Windows\System32\fwpuclnt.dll

VM Arguments:
java_command: E:\SeleniumAutomation\2020\TarunSeleniumFramework\target\surefire\surefirebooter3894360253560238524.jar E:\SeleniumAutomation\2020\TarunSeleniumFramework\target\surefire\surefire6855266248110713841tmp E:\SeleniumAutomation\2020\TarunSeleniumFramework\target\surefire\surefire_07891978390571319568tmp
java_class_path (initial): E:\SeleniumAutomation\2020\TarunSeleniumFramework\target\surefire\surefirebooter3894360253560238524.jar
Launcher Type: SUN_STANDARD

Environment Variables:
JAVA_HOME=C:\Program Files\Java\jdk1.8.0_73
CLASSPATH=C:\Program Files\Java\jdk1.8.0_73\lib
PATH=C:\ProgramData\Oracle\Java\javapath;C:\Windows\system32;C:\Windows;C:\Windows\System32\Wbem;C:\Windows\System32\WindowsPowerShell\v1.0\;C:\Program Files (x86)\Common Files\lenovo\easyplussdk\bin;E:\software\apache-maven-3.5.4-bin\apache-maven-3.5.4\bin;C:\ProgramData\Oracle\Java\javapath;C:\Windows\system32;C:\Windows;C:\Windows\System32\Wbem;C:\Windows\System32\WindowsPowerShell\v1.0\;C:\Program Files (x86)\Common Files\lenovo\easyplussdk\bin;C:\Program Files (x86)\Common Files\Adobe\AGL;E:\software\apache-maven-3.5.4-bin\apache-maven-3.5.4\bin;C:\Program Files\nodejs\;C:\Users\Karthick Kumar\AppData\Roaming\npm;C:\Program Files\dotnet\;E:\software\sdk\platform-tools;E:\software\sdk\tools;E:\software\sdk\build-tools;C:\Program Files\Java\jdk1.8.0_73\bin;C:\ProgramData\chocolatey\bin;C:\Program Files\Microsoft SQL Server\130\Tools\Binn\;C:\Users\Karthick Kumar\AppData\Roaming\npm;C:\Program Files\JetBrains\RubyMine 2020.1.2\bin;
USERNAME=Karthick Kumar
OS=Windows_NT
PROCESSOR_IDENTIFIER=Intel64 Family 6 Model 58 Stepping 9, GenuineIntel



---------------  S Y S T E M  ---------------

OS: Windows 8.1 , 64 bit Build 9600 (6.3.9600.17415)

CPU:total 4 (2 cores per cpu, 2 threads per core) family 6 model 58 stepping 9, cmov, cx8, fxsr, mmx, sse, sse2, sse3, ssse3, sse4.1, sse4.2, popcnt, avx, aes, clmul, erms, ht, tsc, tscinvbit, tscinv

Memory: 4k page, physical 6163816k(898836k free), swap 9173556k(15560k free)

vm_info: Java HotSpot(TM) 64-Bit Server VM (25.73-b02) for windows-amd64 JRE (1.8.0_73-b02), built on Jan 29 2016 17:38:49 by "java_re" with MS VC++ 10.0 (VS2010)

time: Sat Oct 03 08:21:06 2020
elapsed time: 3 seconds (0d 0h 0m 3s)

